<?xml version="1.0" encoding="UTF-8"?>
<!-- Generated by org.testng.reporters.JUnitReportReporter -->
<testsuite hostname="DESKTOP-F826NE3" name="Mlucario.HomePage" tests="2" failures="0" timestamp="2 Oct 2019 12:07:17 GMT" time="14.807" errors="0">
  <testcase name="basePageNavigation" time="11.584" classname="Mlucario.HomePage"/>
  <testcase name="basePageNavigation" time="3.223" classname="Mlucario.HomePage"/>
</testsuite> <!-- Mlucario.HomePage -->
