<?xml version="1.0" encoding="UTF-8"?>
<!-- Generated by org.testng.reporters.JUnitReportReporter -->
<testsuite hostname="DESKTOP-F826NE3" name="Mlucario.ValidateLandingPage" tests="1" failures="0" timestamp="1 Oct 2019 20:49:36 GMT" time="0.026" errors="0">
  <testcase name="basePageNavigation" time="0.026" classname="Mlucario.ValidateLandingPage"/>
</testsuite> <!-- Mlucario.ValidateLandingPage -->
