<?xml version="1.0" encoding="UTF-8"?>
<!-- Generated by org.testng.reporters.JUnitReportReporter -->
<testsuite hostname="DESKTOP-F826NE3" name="Mlucario.validateBasicExample" tests="1" failures="0" timestamp="9 Oct 2019 13:06:25 GMT" time="0.004" errors="0">
  <testcase name="validateTitlePage" time="0.004" classname="Mlucario.validateBasicExample"/>
</testsuite> <!-- Mlucario.validateBasicExample -->
