<?xml version="1.0" encoding="UTF-8"?>
<!-- Generated by org.testng.reporters.JUnitReportReporter -->
<testsuite hostname="DESKTOP-F826NE3" name="Mlucario.validateBasicExample" tests="1" failures="0" timestamp="12 Oct 2019 20:49:32 GMT" time="33.073" errors="0">
  <testcase name="validateListPractice" time="33.073" classname="Mlucario.validateBasicExample"/>
</testsuite> <!-- Mlucario.validateBasicExample -->
