<?xml version="1.0" encoding="UTF-8"?>
<!-- Generated by org.testng.reporters.JUnitReportReporter -->
<testsuite hostname="DESKTOP-F826NE3" name="Mlucario.HomePage" tests="2" failures="0" timestamp="3 Oct 2019 17:45:14 GMT" time="15.855" errors="0">
  <testcase name="testLoginFeature" time="12.593" classname="Mlucario.HomePage"/>
  <testcase name="testLoginFeature" time="3.262" classname="Mlucario.HomePage"/>
</testsuite> <!-- Mlucario.HomePage -->
