<?xml version="1.0" encoding="UTF-8"?>
<!-- Generated by org.testng.reporters.JUnitReportReporter -->
<testsuite hostname="DESKTOP-F826NE3" name="Mlucario.HomePage" tests="2" failures="0" timestamp="9 Oct 2019 03:46:11 GMT" time="13.397" errors="0">
  <testcase name="testLoginFeature" time="10.450" classname="Mlucario.HomePage"/>
  <testcase name="testLoginFeature" time="2.947" classname="Mlucario.HomePage"/>
</testsuite> <!-- Mlucario.HomePage -->
