<?xml version="1.0" encoding="UTF-8"?>
<!-- Generated by org.testng.reporters.JUnitReportReporter -->
<testsuite hostname="DESKTOP-F826NE3" name="Mlucario.HomePage" tests="1" failures="0" timestamp="25 Sep 2019 16:15:35 GMT" time="20.957" errors="0">
  <testcase name="basePageNavigation" time="20.957" classname="Mlucario.HomePage"/>
</testsuite> <!-- Mlucario.HomePage -->
