<?xml version="1.0" encoding="UTF-8"?>
<!-- Generated by org.testng.reporters.JUnitReportReporter -->
<testsuite hostname="DESKTOP-F826NE3" name="Mlucario.HomePage" tests="1" failures="0" timestamp="25 Sep 2019 15:11:48 GMT" time="4.628" errors="0">
  <testcase name="basePageNavigation" time="4.628" classname="Mlucario.HomePage"/>
</testsuite> <!-- Mlucario.HomePage -->
