<?xml version="1.0" encoding="UTF-8"?>
<!-- Generated by org.testng.reporters.JUnitReportReporter -->
<testsuite hostname="DESKTOP-F826NE3" name="basicSample.ValidateRadioButton" tests="4" failures="0" timestamp="12 Oct 2019 21:17:13 GMT" time="0.698" errors="0">
  <testcase name="validated_Selected_Male_Radio_Button" time="0.123" classname="basicSample.ValidateRadioButton"/>
  <testcase name="validatedInitialRadioButton" time="0.242" classname="basicSample.ValidateRadioButton"/>
  <testcase name="validated_Selected_Female_Radio_Button" time="0.128" classname="basicSample.ValidateRadioButton"/>
  <testcase name="validated_radio_group" time="0.205" classname="basicSample.ValidateRadioButton"/>
</testsuite> <!-- basicSample.ValidateRadioButton -->
