<?xml version="1.0" encoding="UTF-8"?>
<!-- Generated by org.testng.reporters.JUnitReportReporter -->
<testsuite hostname="DESKTOP-F826NE3" name="basicSample.ValidateAlertJavaScriptPage" tests="5" failures="0" timestamp="13 Oct 2019 12:54:18 GMT" time="0.355" errors="0">
  <testcase name="validated_alert_confirm_box_ok_button" time="0.060" classname="basicSample.ValidateAlertJavaScriptPage"/>
  <testcase name="validated_alertBox" time="0.101" classname="basicSample.ValidateAlertJavaScriptPage"/>
  <testcase name="validated_alert_javascript_with_input_option_cancel" time="0.074" classname="basicSample.ValidateAlertJavaScriptPage"/>
  <testcase name="validated_alert_confirm_box_cancel_button" time="0.061" classname="basicSample.ValidateAlertJavaScriptPage"/>
  <testcase name="validated_alert_javascript_with_input_option_ok_with_name" time="0.059" classname="basicSample.ValidateAlertJavaScriptPage"/>
</testsuite> <!-- basicSample.ValidateAlertJavaScriptPage -->
