<?xml version="1.0" encoding="UTF-8"?>
<!-- Generated by org.testng.reporters.JUnitReportReporter -->
<testsuite hostname="DESKTOP-F826NE3" name="Mlucario.validateNavigationBar" tests="1" failures="0" timestamp="2 Oct 2019 12:07:17 GMT" time="0.026" errors="0">
  <testcase name="basePageNavigation" time="0.026" classname="Mlucario.validateNavigationBar"/>
</testsuite> <!-- Mlucario.validateNavigationBar -->
