<?xml version="1.0" encoding="UTF-8"?>
<!-- Generated by org.testng.reporters.JUnitReportReporter -->
<testsuite hostname="DESKTOP-F826NE3" name="Mlucario.validateWelcomePage" tests="7" failures="0" timestamp="12 Oct 2019 20:49:53 GMT" time="0.178" errors="0">
  <testcase name="validateAdvantagePracticeIcon" time="0.079" classname="Mlucario.validateWelcomePage"/>
  <testcase name="validateHomeIcon" time="0.014" classname="Mlucario.validateWelcomePage"/>
  <testcase name="validateStartButton" time="0.015" classname="Mlucario.validateWelcomePage"/>
  <testcase name="validateBasicPracticeIcon" time="0.021" classname="Mlucario.validateWelcomePage"/>
  <testcase name="validateIntroText" time="0.015" classname="Mlucario.validateWelcomePage"/>
  <testcase name="validateIntermediatePracticeIcon" time="0.018" classname="Mlucario.validateWelcomePage"/>
  <testcase name="validateHeaderTitle" time="0.016" classname="Mlucario.validateWelcomePage"/>
</testsuite> <!-- Mlucario.validateWelcomePage -->
