<?xml version="1.0" encoding="UTF-8"?>
<!-- Generated by org.testng.reporters.JUnitReportReporter -->
<testsuite hostname="DESKTOP-F826NE3" name="Mlucario.HomePage" tests="2" failures="0" timestamp="1 Oct 2019 15:01:59 GMT" time="41.899" errors="0">
  <testcase name="basePageNavigation" time="21.399" classname="Mlucario.HomePage"/>
  <testcase name="basePageNavigation" time="20.500" classname="Mlucario.HomePage"/>
</testsuite> <!-- Mlucario.HomePage -->
