<?xml version="1.0" encoding="UTF-8"?>
<!-- Generated by org.testng.reporters.JUnitReportReporter -->
<testsuite hostname="DESKTOP-F826NE3" name="Mlucario.HomePage" tests="2" failures="0" timestamp="8 Oct 2019 15:07:30 GMT" time="14.064" errors="0">
  <testcase name="testLoginFeature" time="10.397" classname="Mlucario.HomePage"/>
  <testcase name="testLoginFeature" time="3.667" classname="Mlucario.HomePage"/>
</testsuite> <!-- Mlucario.HomePage -->
