<?xml version="1.0" encoding="UTF-8"?>
<!-- Generated by org.testng.reporters.JUnitReportReporter -->
<testsuite hostname="DESKTOP-F826NE3" name="Mlucario.validateNavigationBar" tests="1" failures="0" timestamp="9 Oct 2019 03:46:11 GMT" time="0.029" errors="0">
  <testcase name="validateNavigationBar" time="0.029" classname="Mlucario.validateNavigationBar"/>
</testsuite> <!-- Mlucario.validateNavigationBar -->
