<?xml version="1.0" encoding="UTF-8"?>
<!-- Generated by org.testng.reporters.JUnitReportReporter -->
<testsuite hostname="DESKTOP-F826NE3" name="basicSample.ValidateDropDownMenu" tests="5" failures="0" timestamp="12 Oct 2019 22:00:02 GMT" time="1.608" errors="0">
  <testcase name="validated_select_Monday_of_dropdown_menu" time="0.067" classname="basicSample.ValidateDropDownMenu"/>
  <testcase name="validated_select_Wednesday_of_dropdown_menu" time="0.100" classname="basicSample.ValidateDropDownMenu"/>
  <testcase name="validated_multi_selected_value_of_dropdown_menu_2" time="0.827" classname="basicSample.ValidateDropDownMenu"/>
  <testcase name="validated_multi_selected_value_of_dropdown_menu_1" time="0.553" classname="basicSample.ValidateDropDownMenu"/>
  <testcase name="validated_select_Sunday_of_dropdown_menu" time="0.061" classname="basicSample.ValidateDropDownMenu"/>
</testsuite> <!-- basicSample.ValidateDropDownMenu -->
