<?xml version="1.0" encoding="UTF-8"?>
<!-- Generated by org.testng.reporters.JUnitReportReporter -->
<testsuite hostname="DESKTOP-F826NE3" name="Mlucario.validateNavigationBar" tests="1" failures="0" timestamp="3 Oct 2019 17:45:14 GMT" time="0.030" errors="0">
  <testcase name="validateNavigationBar" time="0.030" classname="Mlucario.validateNavigationBar"/>
</testsuite> <!-- Mlucario.validateNavigationBar -->
